0 verbose cli /usr/local/bin/node /usr/local/bin/npm
1 info using npm@10.9.2
2 info using node@v22.15.0
3 silly config load:file:/usr/local/lib/node_modules/npm/npmrc
4 silly config load:file:/Users/saitejasunkara/AllProjects/nodeProjects/.npmrc
5 silly config load:file:/Users/saitejasunkara/.npmrc
6 silly config load:file:/usr/local/etc/npmrc
7 verbose title npm view date description dist-tags.latest homepage version time
8 verbose argv "view" "--json" "--" "date" "description" "dist-tags.latest" "homepage" "version" "time"
9 verbose logfile logs-max:10 dir:/Users/saitejasunkara/.npm/_logs/2025-06-26T07_42_04_770Z-
10 verbose logfile /Users/saitejasunkara/.npm/_logs/2025-06-26T07_42_04_770Z-debug-0.log
11 silly logfile start cleaning logs, removing 1 files
12 silly logfile done cleaning log files
13 http fetch GET 200 https://registry.npmjs.org/date 150ms (cache revalidated)
14 verbose cwd /Users/saitejasunkara/AllProjects/nodeProjects
15 verbose os Darwin 24.5.0
16 verbose node v22.15.0
17 verbose npm  v10.9.2
18 verbose exit 0
19 info ok
